{"level":"info","message":"APP_ENVIRONMENT===","timestamp":"2022-05-07 13:42:50"}
{"level":"info","message":"Listening on port 8888!!!!!!!!","timestamp":"2022-05-07 13:42:50"}
{"level":"warn","message":[{"message":"Not authorized"}],"timestamp":"2022-05-07 13:43:22"}
{"level":"http","message":"GET /api/v1/user/currentUser 401 57 - 5.604 ms\n","timestamp":"2022-05-07 13:43:22"}
{"level":"warn","message":[{"message":"Not authorized"}],"timestamp":"2022-05-07 13:43:23"}
{"level":"http","message":"GET /api/v1/user/currentUser 401 57 - 1.814 ms\n","timestamp":"2022-05-07 13:43:23"}
{"level":"warn","message":[{"message":"Not authorized"}],"timestamp":"2022-05-07 13:43:24"}
{"level":"http","message":"GET /api/v1/user/currentUser 401 57 - 1.206 ms\n","timestamp":"2022-05-07 13:43:24"}
{"level":"warn","message":[{"message":"Not authorized"}],"timestamp":"2022-05-07 13:43:24"}
{"level":"http","message":"GET /api/v1/user/currentUser 401 57 - 1.973 ms\n","timestamp":"2022-05-07 13:43:24"}
{"level":"warn","message":[{"message":"Not authorized"}],"timestamp":"2022-05-07 13:43:25"}
{"level":"http","message":"GET /api/v1/user/currentUser 401 57 - 1.796 ms\n","timestamp":"2022-05-07 13:43:25"}
{"level":"warn","message":[{"message":"Not authorized"}],"timestamp":"2022-05-07 13:43:25"}
{"level":"http","message":"GET /api/v1/user/currentUser 401 57 - 0.805 ms\n","timestamp":"2022-05-07 13:43:25"}
{"level":"warn","message":[{"message":"Not authorized"}],"timestamp":"2022-05-07 13:43:28"}
{"level":"http","message":"GET /api/v1/user/currentUser 401 57 - 4.991 ms\n","timestamp":"2022-05-07 13:43:28"}
{"level":"warn","message":[{"message":"Not authorized"}],"timestamp":"2022-05-07 13:43:30"}
{"level":"http","message":"GET /api/v1/user/currentUser 401 57 - 1.308 ms\n","timestamp":"2022-05-07 13:43:30"}
{"level":"warn","message":[{"message":"Not authorized"}],"timestamp":"2022-05-07 13:43:30"}
{"level":"http","message":"GET /api/v1/user/currentUser 401 57 - 2.485 ms\n","timestamp":"2022-05-07 13:43:30"}
{"level":"warn","message":[{"message":"Not authorized"}],"timestamp":"2022-05-07 13:43:31"}
{"level":"http","message":"GET /api/v1/user/currentUser 401 57 - 1.157 ms\n","timestamp":"2022-05-07 13:43:31"}
{"level":"warn","message":[{"message":"Not authorized"}],"timestamp":"2022-05-07 13:43:31"}
{"level":"http","message":"GET /api/v1/user/currentUser 401 57 - 0.991 ms\n","timestamp":"2022-05-07 13:43:31"}
{"level":"warn","message":[{"message":"Not authorized"}],"timestamp":"2022-05-07 13:43:32"}
{"level":"http","message":"GET /api/v1/user/currentUser 401 57 - 1.540 ms\n","timestamp":"2022-05-07 13:43:32"}
{"level":"warn","message":[{"message":"Not authorized"}],"timestamp":"2022-05-07 13:43:32"}
{"level":"http","message":"GET /api/v1/user/currentUser 401 57 - 2.081 ms\n","timestamp":"2022-05-07 13:43:32"}
{"level":"warn","message":[{"message":"Not authorized"}],"timestamp":"2022-05-07 13:43:33"}
{"level":"http","message":"GET /api/v1/user/currentUser 401 57 - 1.150 ms\n","timestamp":"2022-05-07 13:43:33"}
{"level":"warn","message":[{"message":"Not authorized"}],"timestamp":"2022-05-07 13:43:33"}
{"level":"http","message":"GET /api/v1/user/currentUser 401 57 - 1.124 ms\n","timestamp":"2022-05-07 13:43:33"}
{"level":"info","message":"APP_ENVIRONMENT===","timestamp":"2022-05-07 13:44:22"}
{"level":"info","message":"Listening on port 8888!!!!!!!!","timestamp":"2022-05-07 13:44:22"}
{"level":"info","message":"APP_ENVIRONMENT===","timestamp":"2022-05-07 13:44:25"}
{"level":"info","message":"Listening on port 8888!!!!!!!!","timestamp":"2022-05-07 13:44:25"}
{"level":"error","message":"Operation `users.findOne()` buffering timed out after 10000ms","timestamp":"2022-05-07 13:44:36"}
{"level":"warn","message":[{"message":"Operation `users.findOne()` buffering timed out after 10000ms"}],"timestamp":"2022-05-07 13:44:36"}
{"level":"http","message":"GET /api/v1/user/currentUser 500 104 - 10033.420 ms\n","timestamp":"2022-05-07 13:44:36"}
{"level":"info","message":"APP_ENVIRONMENT===","timestamp":"2022-05-07 13:44:59"}
{"level":"info","message":"Listening on port 8888!!!!!!!!","timestamp":"2022-05-07 13:44:59"}
{"level":"warn","message":[{"message":"Not authorized"}],"timestamp":"2022-05-07 13:45:06"}
{"level":"http","message":"GET /api/v1/user/currentUser 401 57 - 3.244 ms\n","timestamp":"2022-05-07 13:45:06"}
{"level":"warn","message":[{"message":"Not authorized"}],"timestamp":"2022-05-07 13:45:10"}
{"level":"http","message":"GET /api/v1/user/currentUser 401 57 - 7.922 ms\n","timestamp":"2022-05-07 13:45:10"}
{"level":"warn","message":[{"message":"Not authorized"}],"timestamp":"2022-05-07 13:45:10"}
{"level":"http","message":"GET /api/v1/user/currentUser 401 57 - 0.669 ms\n","timestamp":"2022-05-07 13:45:10"}
{"level":"warn","message":[{"message":"Not authorized"}],"timestamp":"2022-05-07 13:45:11"}
{"level":"http","message":"GET /api/v1/user/currentUser 401 57 - 1.778 ms\n","timestamp":"2022-05-07 13:45:11"}
{"level":"warn","message":[{"message":"Not authorized"}],"timestamp":"2022-05-07 13:45:11"}
{"level":"http","message":"GET /api/v1/user/currentUser 401 57 - 1.242 ms\n","timestamp":"2022-05-07 13:45:11"}
{"level":"warn","message":[{"message":"Not authorized"}],"timestamp":"2022-05-07 13:45:12"}
{"level":"http","message":"GET /api/v1/user/currentUser 401 57 - 1.189 ms\n","timestamp":"2022-05-07 13:45:12"}
{"level":"warn","message":[{"message":"Not authorized"}],"timestamp":"2022-05-07 13:45:12"}
{"level":"http","message":"GET /api/v1/user/currentUser 401 57 - 8.723 ms\n","timestamp":"2022-05-07 13:45:12"}
{"level":"warn","message":[{"message":"Not authorized"}],"timestamp":"2022-05-07 13:45:12"}
{"level":"http","message":"GET /api/v1/user/currentUser 401 57 - 0.640 ms\n","timestamp":"2022-05-07 13:45:12"}
{"level":"warn","message":[{"message":"Not authorized"}],"timestamp":"2022-05-07 13:45:13"}
{"level":"http","message":"GET /api/v1/user/currentUser 401 57 - 0.548 ms\n","timestamp":"2022-05-07 13:45:13"}
{"level":"warn","message":[{"message":"Not authorized"}],"timestamp":"2022-05-07 13:45:13"}
{"level":"http","message":"GET /api/v1/user/currentUser 401 57 - 1.088 ms\n","timestamp":"2022-05-07 13:45:13"}
{"level":"warn","message":[{"message":"Not authorized"}],"timestamp":"2022-05-07 13:45:14"}
{"level":"http","message":"GET /api/v1/user/currentUser 401 57 - 1.949 ms\n","timestamp":"2022-05-07 13:45:14"}
{"level":"warn","message":[{"message":"Not authorized"}],"timestamp":"2022-05-07 13:45:14"}
{"level":"http","message":"GET /api/v1/user/currentUser 401 57 - 0.495 ms\n","timestamp":"2022-05-07 13:45:14"}
{"level":"warn","message":[{"message":"Not authorized"}],"timestamp":"2022-05-07 13:45:15"}
{"level":"http","message":"GET /api/v1/user/currentUser 401 57 - 1.825 ms\n","timestamp":"2022-05-07 13:45:15"}
{"level":"warn","message":[{"message":"Not authorized"}],"timestamp":"2022-05-07 13:45:16"}
{"level":"http","message":"GET /api/v1/user/currentUser 401 57 - 0.470 ms\n","timestamp":"2022-05-07 13:45:16"}
{"level":"warn","message":[{"message":"Not authorized"}],"timestamp":"2022-05-07 13:45:16"}
{"level":"http","message":"GET /api/v1/user/currentUser 401 57 - 1.104 ms\n","timestamp":"2022-05-07 13:45:16"}
{"level":"warn","message":[{"message":"Not authorized"}],"timestamp":"2022-05-07 13:45:17"}
{"level":"http","message":"GET /api/v1/user/currentUser 401 57 - 0.910 ms\n","timestamp":"2022-05-07 13:45:17"}
{"level":"warn","message":[{"message":"Not authorized"}],"timestamp":"2022-05-07 13:45:17"}
{"level":"http","message":"GET /api/v1/user/currentUser 401 57 - 0.421 ms\n","timestamp":"2022-05-07 13:45:17"}
{"level":"warn","message":[{"message":"Not authorized"}],"timestamp":"2022-05-07 13:45:17"}
{"level":"http","message":"GET /api/v1/user/currentUser 401 57 - 1.066 ms\n","timestamp":"2022-05-07 13:45:17"}
{"level":"warn","message":[{"message":"Not authorized"}],"timestamp":"2022-05-07 13:45:18"}
{"level":"http","message":"GET /api/v1/user/currentUser 401 57 - 0.881 ms\n","timestamp":"2022-05-07 13:45:18"}
{"level":"warn","message":[{"message":"Not authorized"}],"timestamp":"2022-05-07 13:45:18"}
{"level":"http","message":"GET /api/v1/user/currentUser 401 57 - 0.879 ms\n","timestamp":"2022-05-07 13:45:18"}
{"level":"warn","message":[{"message":"Not authorized"}],"timestamp":"2022-05-07 13:45:19"}
{"level":"http","message":"GET /api/v1/user/currentUser 401 57 - 0.840 ms\n","timestamp":"2022-05-07 13:45:19"}
{"level":"warn","message":[{"message":"Not authorized"}],"timestamp":"2022-05-07 13:45:19"}
{"level":"http","message":"GET /api/v1/user/currentUser 401 57 - 0.479 ms\n","timestamp":"2022-05-07 13:45:19"}
{"level":"warn","message":[{"message":"Not authorized"}],"timestamp":"2022-05-07 13:45:19"}
{"level":"http","message":"GET /api/v1/user/currentUser 401 57 - 0.862 ms\n","timestamp":"2022-05-07 13:45:19"}
{"level":"warn","message":[{"message":"Not authorized"}],"timestamp":"2022-05-07 13:45:20"}
{"level":"http","message":"GET /api/v1/user/currentUser 401 57 - 1.777 ms\n","timestamp":"2022-05-07 13:45:20"}
{"level":"warn","message":[{"message":"Not authorized"}],"timestamp":"2022-05-07 13:45:20"}
{"level":"http","message":"GET /api/v1/user/currentUser 401 57 - 1.824 ms\n","timestamp":"2022-05-07 13:45:20"}
{"level":"warn","message":[{"message":"Not authorized"}],"timestamp":"2022-05-07 13:45:21"}
{"level":"http","message":"GET /api/v1/user/currentUser 401 57 - 0.998 ms\n","timestamp":"2022-05-07 13:45:21"}
{"level":"warn","message":[{"message":"Not authorized"}],"timestamp":"2022-05-07 13:45:21"}
{"level":"http","message":"GET /api/v1/user/currentUser 401 57 - 0.632 ms\n","timestamp":"2022-05-07 13:45:21"}
{"level":"warn","message":[{"message":"Not authorized"}],"timestamp":"2022-05-07 13:45:22"}
{"level":"http","message":"GET /api/v1/user/currentUser 401 57 - 0.408 ms\n","timestamp":"2022-05-07 13:45:22"}
{"level":"warn","message":[{"message":"Not authorized"}],"timestamp":"2022-05-07 13:45:22"}
{"level":"http","message":"GET /api/v1/user/currentUser 401 57 - 0.803 ms\n","timestamp":"2022-05-07 13:45:22"}
{"level":"warn","message":[{"message":"Not authorized"}],"timestamp":"2022-05-07 13:45:23"}
{"level":"http","message":"GET /api/v1/user/currentUser 401 57 - 1.382 ms\n","timestamp":"2022-05-07 13:45:23"}
{"level":"warn","message":[{"message":"Not authorized"}],"timestamp":"2022-05-07 13:45:23"}
{"level":"http","message":"GET /api/v1/user/currentUser 401 57 - 0.865 ms\n","timestamp":"2022-05-07 13:45:23"}
{"level":"warn","message":[{"message":"Not authorized"}],"timestamp":"2022-05-07 13:45:24"}
{"level":"http","message":"GET /api/v1/user/currentUser 401 57 - 0.783 ms\n","timestamp":"2022-05-07 13:45:24"}
{"level":"warn","message":[{"message":"Not authorized"}],"timestamp":"2022-05-07 13:45:24"}
{"level":"http","message":"GET /api/v1/user/currentUser 401 57 - 2.494 ms\n","timestamp":"2022-05-07 13:45:24"}
{"level":"warn","message":[{"message":"Not authorized"}],"timestamp":"2022-05-07 13:45:25"}
{"level":"http","message":"GET /api/v1/user/currentUser 401 57 - 4.874 ms\n","timestamp":"2022-05-07 13:45:25"}
{"level":"warn","message":[{"message":"Not authorized"}],"timestamp":"2022-05-07 13:45:25"}
{"level":"http","message":"GET /api/v1/user/currentUser 401 57 - 2.426 ms\n","timestamp":"2022-05-07 13:45:25"}
{"level":"warn","message":[{"message":"Not authorized"}],"timestamp":"2022-05-07 13:45:26"}
{"level":"http","message":"GET /api/v1/user/currentUser 401 57 - 1.823 ms\n","timestamp":"2022-05-07 13:45:26"}
{"level":"warn","message":[{"message":"Not authorized"}],"timestamp":"2022-05-07 13:45:26"}
{"level":"http","message":"GET /api/v1/user/currentUser 401 57 - 1.274 ms\n","timestamp":"2022-05-07 13:45:26"}
{"level":"warn","message":[{"message":"Not authorized"}],"timestamp":"2022-05-07 13:45:27"}
{"level":"http","message":"GET /api/v1/user/currentUser 401 57 - 1.378 ms\n","timestamp":"2022-05-07 13:45:27"}
{"level":"warn","message":[{"message":"Not authorized"}],"timestamp":"2022-05-07 13:45:27"}
{"level":"http","message":"GET /api/v1/user/currentUser 401 57 - 0.443 ms\n","timestamp":"2022-05-07 13:45:27"}
{"level":"warn","message":[{"message":"Not authorized"}],"timestamp":"2022-05-07 13:45:27"}
{"level":"http","message":"GET /api/v1/user/currentUser 401 57 - 0.669 ms\n","timestamp":"2022-05-07 13:45:27"}
{"level":"info","message":"APP_ENVIRONMENT===","timestamp":"2022-05-07 13:45:38"}
{"level":"info","message":"Listening on port 8888!!!!!!!!","timestamp":"2022-05-07 13:45:38"}
{"level":"info","message":"APP_ENVIRONMENT===","timestamp":"2022-05-07 13:45:45"}
{"level":"info","message":"Listening on port 8888!!!!!!!!","timestamp":"2022-05-07 13:45:45"}
{"level":"info","message":"APP_ENVIRONMENT===","timestamp":"2022-05-07 13:45:50"}
{"level":"info","message":"Listening on port 8888!!!!!!!!","timestamp":"2022-05-07 13:45:50"}
{"level":"info","message":"APP_ENVIRONMENT===","timestamp":"2022-05-07 13:47:21"}
{"level":"info","message":"Listening on port 8888!!!!!!!!","timestamp":"2022-05-07 13:47:21"}
{"level":"warn","message":[{"message":"Route Not Found"}],"timestamp":"2022-05-07 13:49:56"}
{"level":"http","message":"GET /api/v1/auth/message 404 58 - 14.057 ms\n","timestamp":"2022-05-07 13:49:56"}
{"level":"warn","message":[{"message":"Route Not Found"}],"timestamp":"2022-05-07 13:55:11"}
{"level":"http","message":"POST /api/v1/transaction 404 58 - 1.342 ms\n","timestamp":"2022-05-07 13:55:11"}
{"level":"info","message":"APP_ENVIRONMENT===","timestamp":"2022-05-07 14:08:48"}
{"level":"info","message":"Listening on port 8888!!!!!!!!","timestamp":"2022-05-07 14:08:48"}
{"level":"info","message":"Event published to subject user:created","timestamp":"2022-05-07 14:24:25"}
{"level":"info","message":"Event published to subject user:updated","timestamp":"2022-05-07 14:24:25"}
{"level":"info","message":"Event published to subject user:created","timestamp":"2022-05-07 14:24:25"}
{"level":"warn","message":[{"message":"User Not Found"}],"timestamp":"2022-05-07 14:24:25"}
{"level":"warn","message":[{"message":"User Not Found"}],"timestamp":"2022-05-07 14:24:25"}
{"level":"warn","message":[{"message":"User Not Found"}],"timestamp":"2022-05-07 14:24:25"}
{"level":"warn","message":[{"message":"User Not Found"}],"timestamp":"2022-05-07 14:24:25"}
{"level":"info","message":"Event published to subject user:created","timestamp":"2022-05-07 14:24:26"}
{"level":"info","message":"Event published to subject user:created","timestamp":"2022-05-07 14:24:26"}
{"level":"warn","message":[{"message":"User already exists!"}],"timestamp":"2022-05-07 14:24:26"}
{"level":"info","message":"Event published to subject user:created","timestamp":"2022-05-07 14:24:27"}
{"level":"info","message":"Event published to subject user:updated","timestamp":"2022-05-07 14:24:27"}
{"level":"info","message":"Event published to subject user:created","timestamp":"2022-05-07 14:24:36"}
{"level":"info","message":"Event published to subject user:updated","timestamp":"2022-05-07 14:24:37"}
{"level":"info","message":"Event published to subject user:created","timestamp":"2022-05-07 14:24:38"}
{"level":"warn","message":[{"message":"User Not Found"}],"timestamp":"2022-05-07 14:24:38"}
{"level":"warn","message":[{"message":"User Not Found"}],"timestamp":"2022-05-07 14:24:38"}
{"level":"warn","message":[{"message":"User Not Found"}],"timestamp":"2022-05-07 14:24:38"}
{"level":"warn","message":[{"message":"User Not Found"}],"timestamp":"2022-05-07 14:24:38"}
{"level":"info","message":"Event published to subject user:created","timestamp":"2022-05-07 14:24:39"}
{"level":"info","message":"Event published to subject user:created","timestamp":"2022-05-07 14:24:39"}
{"level":"warn","message":[{"message":"User already exists!"}],"timestamp":"2022-05-07 14:24:39"}
{"level":"info","message":"Event published to subject user:created","timestamp":"2022-05-07 14:24:39"}
{"level":"info","message":"Event published to subject user:updated","timestamp":"2022-05-07 14:24:40"}
{"level":"info","message":"Event published to subject user:created","timestamp":"2022-05-07 14:24:56"}
{"level":"info","message":"Event published to subject user:updated","timestamp":"2022-05-07 14:24:56"}
{"level":"info","message":"Event published to subject user:created","timestamp":"2022-05-07 14:24:57"}
{"level":"warn","message":[{"message":"User Not Found"}],"timestamp":"2022-05-07 14:24:57"}
{"level":"warn","message":[{"message":"User Not Found"}],"timestamp":"2022-05-07 14:24:57"}
{"level":"warn","message":[{"message":"User Not Found"}],"timestamp":"2022-05-07 14:24:57"}
{"level":"warn","message":[{"message":"User Not Found"}],"timestamp":"2022-05-07 14:24:57"}
{"level":"info","message":"Event published to subject user:created","timestamp":"2022-05-07 14:24:58"}
{"level":"info","message":"Event published to subject user:created","timestamp":"2022-05-07 14:24:58"}
{"level":"warn","message":[{"message":"User already exists!"}],"timestamp":"2022-05-07 14:24:58"}
{"level":"info","message":"Event published to subject user:created","timestamp":"2022-05-07 14:24:59"}
{"level":"info","message":"Event published to subject user:updated","timestamp":"2022-05-07 14:24:59"}
