{"level":"warn","message":[{"message":"Users are not registered in the platform yet!"}],"timestamp":"2022-05-07 00:15:13"}
{"level":"warn","message":[{"message":"Users are not registered in the platform yet!"}],"timestamp":"2022-05-07 00:20:44"}
{"level":"error","message":"select * from \"transaction_record\" inner join \"txHash\" on \"=\" = \"transaction\".\"hash\" where \"userAuthId\" = $1 limit $2 - relation \"txHash\" does not exist","timestamp":"2022-05-07 09:03:52"}
{"level":"warn","message":[{"message":"select * from \"transaction_record\" inner join \"txHash\" on \"=\" = \"transaction\".\"hash\" where \"userAuthId\" = $1 limit $2 - relation \"txHash\" does not exist"}],"timestamp":"2022-05-07 09:03:52"}
{"level":"error","message":"select * from \"transaction_record\" inner join \"txHash\" on \"=\" = \"transaction\".\"hash\" where \"userAuthId\" = $1 limit $2 - relation \"txHash\" does not exist","timestamp":"2022-05-07 09:03:52"}
{"level":"warn","message":[{"message":"select * from \"transaction_record\" inner join \"txHash\" on \"=\" = \"transaction\".\"hash\" where \"userAuthId\" = $1 limit $2 - relation \"txHash\" does not exist"}],"timestamp":"2022-05-07 09:03:52"}
{"level":"error","message":"select * from \"transaction_record\" inner join \"transaction_record\".\"txHash\" on \"=\" = \"transaction\".\"hash\" where \"userAuthId\" = $1 limit $2 - relation \"transaction_record.txHash\" does not exist","timestamp":"2022-05-07 09:04:46"}
{"level":"warn","message":[{"message":"select * from \"transaction_record\" inner join \"transaction_record\".\"txHash\" on \"=\" = \"transaction\".\"hash\" where \"userAuthId\" = $1 limit $2 - relation \"transaction_record.txHash\" does not exist"}],"timestamp":"2022-05-07 09:04:46"}
{"level":"error","message":"select * from \"transaction_record\" inner join \"transaction_record\".\"txHash\" on \"=\" = \"transaction\".\"hash\" where \"userAuthId\" = $1 limit $2 - relation \"transaction_record.txHash\" does not exist","timestamp":"2022-05-07 09:04:46"}
{"level":"warn","message":[{"message":"select * from \"transaction_record\" inner join \"transaction_record\".\"txHash\" on \"=\" = \"transaction\".\"hash\" where \"userAuthId\" = $1 limit $2 - relation \"transaction_record.txHash\" does not exist"}],"timestamp":"2022-05-07 09:04:46"}
{"level":"error","message":"select * from \"transaction_record\" inner join \"transaction_record\" on \"txHash\" = \"transaction\".\"hash\" where \"userAuthId\" = $1 limit $2 - table name \"transaction_record\" specified more than once","timestamp":"2022-05-07 09:05:39"}
{"level":"warn","message":[{"message":"select * from \"transaction_record\" inner join \"transaction_record\" on \"txHash\" = \"transaction\".\"hash\" where \"userAuthId\" = $1 limit $2 - table name \"transaction_record\" specified more than once"}],"timestamp":"2022-05-07 09:05:39"}
{"level":"error","message":"select * from \"transaction_record\" inner join \"transaction_record\" on \"txHash\" = \"transaction\".\"hash\" where \"userAuthId\" = $1 limit $2 - table name \"transaction_record\" specified more than once","timestamp":"2022-05-07 09:05:39"}
{"level":"warn","message":[{"message":"select * from \"transaction_record\" inner join \"transaction_record\" on \"txHash\" = \"transaction\".\"hash\" where \"userAuthId\" = $1 limit $2 - table name \"transaction_record\" specified more than once"}],"timestamp":"2022-05-07 09:05:39"}
{"level":"error","message":"select * from \"transaction_record\" inner join \"transaction_record\" on \"transaction_record\".\"txHash\" = \"transaction\".\"hash\" where \"userAuthId\" = $1 limit $2 - table name \"transaction_record\" specified more than once","timestamp":"2022-05-07 09:05:57"}
{"level":"warn","message":[{"message":"select * from \"transaction_record\" inner join \"transaction_record\" on \"transaction_record\".\"txHash\" = \"transaction\".\"hash\" where \"userAuthId\" = $1 limit $2 - table name \"transaction_record\" specified more than once"}],"timestamp":"2022-05-07 09:05:57"}
{"level":"error","message":"select * from \"transaction_record\" inner join \"transaction_record\" on \"transaction_record\".\"txHash\" = \"transaction\".\"hash\" where \"userAuthId\" = $1 limit $2 - table name \"transaction_record\" specified more than once","timestamp":"2022-05-07 09:05:57"}
{"level":"warn","message":[{"message":"select * from \"transaction_record\" inner join \"transaction_record\" on \"transaction_record\".\"txHash\" = \"transaction\".\"hash\" where \"userAuthId\" = $1 limit $2 - table name \"transaction_record\" specified more than once"}],"timestamp":"2022-05-07 09:05:57"}
{"level":"error","message":"select * from \"transaction_record\" full outer join \"transaction_record\" on \"txHash\" = \"transaction\".\"hash\" where \"userAuthId\" = $1 limit $2 - table name \"transaction_record\" specified more than once","timestamp":"2022-05-07 09:08:02"}
{"level":"warn","message":[{"message":"select * from \"transaction_record\" full outer join \"transaction_record\" on \"txHash\" = \"transaction\".\"hash\" where \"userAuthId\" = $1 limit $2 - table name \"transaction_record\" specified more than once"}],"timestamp":"2022-05-07 09:08:02"}
{"level":"error","message":"select * from \"transaction_record\" full outer join \"transaction_record\" on \"txHash\" = \"transaction\".\"hash\" where \"userAuthId\" = $1 limit $2 - table name \"transaction_record\" specified more than once","timestamp":"2022-05-07 09:08:02"}
{"level":"warn","message":[{"message":"select * from \"transaction_record\" full outer join \"transaction_record\" on \"txHash\" = \"transaction\".\"hash\" where \"userAuthId\" = $1 limit $2 - table name \"transaction_record\" specified more than once"}],"timestamp":"2022-05-07 09:08:02"}
{"level":"error","message":"select * from \"transaction_record\" full outer join \"transaction_record\" on \"txHash\" = \"transaction\".\"hash\" where \"userAuthId\" = $1 limit $2 - table name \"transaction_record\" specified more than once","timestamp":"2022-05-07 09:08:09"}
{"level":"warn","message":[{"message":"select * from \"transaction_record\" full outer join \"transaction_record\" on \"txHash\" = \"transaction\".\"hash\" where \"userAuthId\" = $1 limit $2 - table name \"transaction_record\" specified more than once"}],"timestamp":"2022-05-07 09:08:09"}
{"level":"error","message":"select * from \"transaction_record\" full outer join \"transaction_record\" on \"txHash\" = \"transaction\".\"hash\" where \"userAuthId\" = $1 limit $2 - table name \"transaction_record\" specified more than once","timestamp":"2022-05-07 09:08:09"}
{"level":"warn","message":[{"message":"select * from \"transaction_record\" full outer join \"transaction_record\" on \"txHash\" = \"transaction\".\"hash\" where \"userAuthId\" = $1 limit $2 - table name \"transaction_record\" specified more than once"}],"timestamp":"2022-05-07 09:08:09"}
{"level":"error","message":"select * from \"transaction_record\" full outer join \"txHash\" on  where \"userAuthId\" = $1 limit $2 - syntax error at or near \"where\"","timestamp":"2022-05-07 09:08:29"}
{"level":"warn","message":[{"message":"select * from \"transaction_record\" full outer join \"txHash\" on  where \"userAuthId\" = $1 limit $2 - syntax error at or near \"where\""}],"timestamp":"2022-05-07 09:08:29"}
{"level":"error","message":"select * from \"transaction_record\" full outer join \"txHash\" on  where \"userAuthId\" = $1 limit $2 - syntax error at or near \"where\"","timestamp":"2022-05-07 09:08:29"}
{"level":"warn","message":[{"message":"select * from \"transaction_record\" full outer join \"txHash\" on  where \"userAuthId\" = $1 limit $2 - syntax error at or near \"where\""}],"timestamp":"2022-05-07 09:08:29"}
{"level":"error","message":"select * from \"transaction_record\" full outer join \"txHash\" on  where \"userAuthId\" = $1 limit $2 - syntax error at or near \"where\"","timestamp":"2022-05-07 09:08:59"}
{"level":"warn","message":[{"message":"select * from \"transaction_record\" full outer join \"txHash\" on  where \"userAuthId\" = $1 limit $2 - syntax error at or near \"where\""}],"timestamp":"2022-05-07 09:08:59"}
{"level":"error","message":"select * from \"transaction_record\" full outer join \"txHash\" on  where \"userAuthId\" = $1 limit $2 - syntax error at or near \"where\"","timestamp":"2022-05-07 09:08:59"}
{"level":"warn","message":[{"message":"select * from \"transaction_record\" full outer join \"txHash\" on  where \"userAuthId\" = $1 limit $2 - syntax error at or near \"where\""}],"timestamp":"2022-05-07 09:08:59"}
{"level":"error","message":"select * from \"transaction_record\" full outer join \"txHash\" on  where \"userAuthId\" = $1 limit $2 - syntax error at or near \"where\"","timestamp":"2022-05-07 09:09:16"}
{"level":"warn","message":[{"message":"select * from \"transaction_record\" full outer join \"txHash\" on  where \"userAuthId\" = $1 limit $2 - syntax error at or near \"where\""}],"timestamp":"2022-05-07 09:09:16"}
{"level":"error","message":"select * from \"transaction_record\" full outer join \"txHash\" on  where \"userAuthId\" = $1 limit $2 - syntax error at or near \"where\"","timestamp":"2022-05-07 09:09:16"}
{"level":"warn","message":[{"message":"select * from \"transaction_record\" full outer join \"txHash\" on  where \"userAuthId\" = $1 limit $2 - syntax error at or near \"where\""}],"timestamp":"2022-05-07 09:09:16"}
{"level":"error","message":"select * from \"transaction_record\" full outer join \"txHash\" on  - syntax error at end of input","timestamp":"2022-05-07 09:09:22"}
{"level":"warn","message":[{"message":"select * from \"transaction_record\" full outer join \"txHash\" on  - syntax error at end of input"}],"timestamp":"2022-05-07 09:09:22"}
{"level":"error","message":"select * from \"transaction_record\" full outer join \"txHash\" on  - syntax error at end of input","timestamp":"2022-05-07 09:09:22"}
{"level":"warn","message":[{"message":"select * from \"transaction_record\" full outer join \"txHash\" on  - syntax error at end of input"}],"timestamp":"2022-05-07 09:09:22"}
{"level":"error","message":"select * from \"transaction_record\" full outer join \"transactionn\" on \"transaction_record\".\"txHash\" = \"transaction\".\"hash\" - relation \"transactionn\" does not exist","timestamp":"2022-05-07 09:10:33"}
{"level":"warn","message":[{"message":"select * from \"transaction_record\" full outer join \"transactionn\" on \"transaction_record\".\"txHash\" = \"transaction\".\"hash\" - relation \"transactionn\" does not exist"}],"timestamp":"2022-05-07 09:10:33"}
{"level":"error","message":"select * from \"transaction_record\" full outer join \"transactionn\" on \"transaction_record\".\"txHash\" = \"transaction\".\"hash\" - relation \"transactionn\" does not exist","timestamp":"2022-05-07 09:10:33"}
{"level":"warn","message":[{"message":"select * from \"transaction_record\" full outer join \"transactionn\" on \"transaction_record\".\"txHash\" = \"transaction\".\"hash\" - relation \"transactionn\" does not exist"}],"timestamp":"2022-05-07 09:10:33"}
{"level":"error","message":"select * from \"transaction_record\" full outer join \"txHash\" on \"transaction_record\".\"txHash\" = \"transaction\".\"hash\" - relation \"txHash\" does not exist","timestamp":"2022-05-07 09:10:54"}
{"level":"warn","message":[{"message":"select * from \"transaction_record\" full outer join \"txHash\" on \"transaction_record\".\"txHash\" = \"transaction\".\"hash\" - relation \"txHash\" does not exist"}],"timestamp":"2022-05-07 09:10:54"}
{"level":"error","message":"select * from \"transaction_record\" full outer join \"txHash\" on \"transaction_record\".\"txHash\" = \"transaction\".\"hash\" - relation \"txHash\" does not exist","timestamp":"2022-05-07 09:10:54"}
{"level":"warn","message":[{"message":"select * from \"transaction_record\" full outer join \"txHash\" on \"transaction_record\".\"txHash\" = \"transaction\".\"hash\" - relation \"txHash\" does not exist"}],"timestamp":"2022-05-07 09:10:54"}
{"level":"info","message":"local","timestamp":"2022-05-07 09:11:46"}
{"level":"info","message":"Listening on port 8888!!!!!!!!","timestamp":"2022-05-07 09:11:46"}
{"level":"info","message":"local","timestamp":"2022-05-07 09:14:33"}
{"level":"info","message":"Listening on port 8888!!!!!!!!","timestamp":"2022-05-07 09:14:33"}
{"level":"error","message":"Connect Postgres failed! table.BigNumber is not a function","stack":"TypeError: table.BigNumber is not a function\n    at TableBuilder._fn (/Users/krittamook/Desktop/guildfi-assignment/backend/transaction/src/db/index.ts:43:13)\n    at TableBuilder.toSQL (/Users/krittamook/Desktop/guildfi-assignment/backend/transaction/node_modules/knex/lib/schema/tablebuilder.js:47:16)\n    at SchemaCompiler_PG.build (/Users/krittamook/Desktop/guildfi-assignment/backend/transaction/node_modules/knex/lib/schema/compiler.js:144:23)\n    at SchemaCompiler_PG.createTable (/Users/krittamook/Desktop/guildfi-assignment/backend/transaction/node_modules/knex/lib/schema/compiler.js:165:13)\n    at SchemaCompiler_PG.toSQL (/Users/krittamook/Desktop/guildfi-assignment/backend/transaction/node_modules/knex/lib/schema/compiler.js:97:26)\n    at SchemaBuilder.toSQL (/Users/krittamook/Desktop/guildfi-assignment/backend/transaction/node_modules/knex/lib/schema/builder.js:35:45)\n    at ensureConnectionCallback (/Users/krittamook/Desktop/guildfi-assignment/backend/transaction/node_modules/knex/lib/execution/internal/ensure-connection-callback.js:4:30)\n    at Runner.ensureConnection (/Users/krittamook/Desktop/guildfi-assignment/backend/transaction/node_modules/knex/lib/execution/runner.js:307:20)\n    at processTicksAndRejections (node:internal/process/task_queues:96:5)\n    at Runner.run (/Users/krittamook/Desktop/guildfi-assignment/backend/transaction/node_modules/knex/lib/execution/runner.js:30:19)","timestamp":"2022-05-07 09:36:39"}
{"level":"error","message":"Connect Postgres failed! table.BigNumber is not a function","stack":"TypeError: table.BigNumber is not a function\n    at TableBuilder._fn (/Users/krittamook/Desktop/guildfi-assignment/backend/transaction/src/db/index.ts:43:13)\n    at TableBuilder.toSQL (/Users/krittamook/Desktop/guildfi-assignment/backend/transaction/node_modules/knex/lib/schema/tablebuilder.js:47:16)\n    at SchemaCompiler_PG.build (/Users/krittamook/Desktop/guildfi-assignment/backend/transaction/node_modules/knex/lib/schema/compiler.js:144:23)\n    at SchemaCompiler_PG.createTable (/Users/krittamook/Desktop/guildfi-assignment/backend/transaction/node_modules/knex/lib/schema/compiler.js:165:13)\n    at SchemaCompiler_PG.toSQL (/Users/krittamook/Desktop/guildfi-assignment/backend/transaction/node_modules/knex/lib/schema/compiler.js:97:26)\n    at SchemaBuilder.toSQL (/Users/krittamook/Desktop/guildfi-assignment/backend/transaction/node_modules/knex/lib/schema/builder.js:35:45)\n    at ensureConnectionCallback (/Users/krittamook/Desktop/guildfi-assignment/backend/transaction/node_modules/knex/lib/execution/internal/ensure-connection-callback.js:4:30)\n    at Runner.ensureConnection (/Users/krittamook/Desktop/guildfi-assignment/backend/transaction/node_modules/knex/lib/execution/runner.js:307:20)\n    at processTicksAndRejections (node:internal/process/task_queues:96:5)\n    at Runner.run (/Users/krittamook/Desktop/guildfi-assignment/backend/transaction/node_modules/knex/lib/execution/runner.js:30:19)","timestamp":"2022-05-07 09:36:39"}
{"level":"error","message":"select count(*) from \"transaction_record\" where \"userAuthId\" = $1 - relation \"transaction_record\" does not exist","timestamp":"2022-05-07 09:36:39"}
{"level":"warn","message":[{"message":"select count(*) from \"transaction_record\" where \"userAuthId\" = $1 - relation \"transaction_record\" does not exist"}],"timestamp":"2022-05-07 09:36:39"}
{"level":"error","message":"Connect Postgres failed! table.bignumber is not a function","stack":"TypeError: table.bignumber is not a function\n    at TableBuilder._fn (/Users/krittamook/Desktop/guildfi-assignment/backend/transaction/src/db/index.ts:43:13)\n    at TableBuilder.toSQL (/Users/krittamook/Desktop/guildfi-assignment/backend/transaction/node_modules/knex/lib/schema/tablebuilder.js:47:16)\n    at SchemaCompiler_PG.build (/Users/krittamook/Desktop/guildfi-assignment/backend/transaction/node_modules/knex/lib/schema/compiler.js:144:23)\n    at SchemaCompiler_PG.createTable (/Users/krittamook/Desktop/guildfi-assignment/backend/transaction/node_modules/knex/lib/schema/compiler.js:165:13)\n    at SchemaCompiler_PG.toSQL (/Users/krittamook/Desktop/guildfi-assignment/backend/transaction/node_modules/knex/lib/schema/compiler.js:97:26)\n    at SchemaBuilder.toSQL (/Users/krittamook/Desktop/guildfi-assignment/backend/transaction/node_modules/knex/lib/schema/builder.js:35:45)\n    at ensureConnectionCallback (/Users/krittamook/Desktop/guildfi-assignment/backend/transaction/node_modules/knex/lib/execution/internal/ensure-connection-callback.js:4:30)\n    at Runner.ensureConnection (/Users/krittamook/Desktop/guildfi-assignment/backend/transaction/node_modules/knex/lib/execution/runner.js:307:20)\n    at processTicksAndRejections (node:internal/process/task_queues:96:5)\n    at Runner.run (/Users/krittamook/Desktop/guildfi-assignment/backend/transaction/node_modules/knex/lib/execution/runner.js:30:19)","timestamp":"2022-05-07 09:36:53"}
{"level":"error","message":"Connect Postgres failed! table.bignumber is not a function","stack":"TypeError: table.bignumber is not a function\n    at TableBuilder._fn (/Users/krittamook/Desktop/guildfi-assignment/backend/transaction/src/db/index.ts:43:13)\n    at TableBuilder.toSQL (/Users/krittamook/Desktop/guildfi-assignment/backend/transaction/node_modules/knex/lib/schema/tablebuilder.js:47:16)\n    at SchemaCompiler_PG.build (/Users/krittamook/Desktop/guildfi-assignment/backend/transaction/node_modules/knex/lib/schema/compiler.js:144:23)\n    at SchemaCompiler_PG.createTable (/Users/krittamook/Desktop/guildfi-assignment/backend/transaction/node_modules/knex/lib/schema/compiler.js:165:13)\n    at SchemaCompiler_PG.toSQL (/Users/krittamook/Desktop/guildfi-assignment/backend/transaction/node_modules/knex/lib/schema/compiler.js:97:26)\n    at SchemaBuilder.toSQL (/Users/krittamook/Desktop/guildfi-assignment/backend/transaction/node_modules/knex/lib/schema/builder.js:35:45)\n    at ensureConnectionCallback (/Users/krittamook/Desktop/guildfi-assignment/backend/transaction/node_modules/knex/lib/execution/internal/ensure-connection-callback.js:4:30)\n    at Runner.ensureConnection (/Users/krittamook/Desktop/guildfi-assignment/backend/transaction/node_modules/knex/lib/execution/runner.js:307:20)\n    at processTicksAndRejections (node:internal/process/task_queues:96:5)\n    at Runner.run (/Users/krittamook/Desktop/guildfi-assignment/backend/transaction/node_modules/knex/lib/execution/runner.js:30:19)","timestamp":"2022-05-07 09:36:53"}
{"level":"error","message":"select count(*) from \"transaction_record\" where \"userAuthId\" = $1 - relation \"transaction_record\" does not exist","timestamp":"2022-05-07 09:36:53"}
{"level":"warn","message":[{"message":"select count(*) from \"transaction_record\" where \"userAuthId\" = $1 - relation \"transaction_record\" does not exist"}],"timestamp":"2022-05-07 09:36:53"}
{"level":"error","message":"Connect Postgres failed! table.number is not a function","stack":"TypeError: table.number is not a function\n    at TableBuilder._fn (/Users/krittamook/Desktop/guildfi-assignment/backend/transaction/src/db/index.ts:43:13)\n    at TableBuilder.toSQL (/Users/krittamook/Desktop/guildfi-assignment/backend/transaction/node_modules/knex/lib/schema/tablebuilder.js:47:16)\n    at SchemaCompiler_PG.build (/Users/krittamook/Desktop/guildfi-assignment/backend/transaction/node_modules/knex/lib/schema/compiler.js:144:23)\n    at SchemaCompiler_PG.createTable (/Users/krittamook/Desktop/guildfi-assignment/backend/transaction/node_modules/knex/lib/schema/compiler.js:165:13)\n    at SchemaCompiler_PG.toSQL (/Users/krittamook/Desktop/guildfi-assignment/backend/transaction/node_modules/knex/lib/schema/compiler.js:97:26)\n    at SchemaBuilder.toSQL (/Users/krittamook/Desktop/guildfi-assignment/backend/transaction/node_modules/knex/lib/schema/builder.js:35:45)\n    at ensureConnectionCallback (/Users/krittamook/Desktop/guildfi-assignment/backend/transaction/node_modules/knex/lib/execution/internal/ensure-connection-callback.js:4:30)\n    at Runner.ensureConnection (/Users/krittamook/Desktop/guildfi-assignment/backend/transaction/node_modules/knex/lib/execution/runner.js:307:20)\n    at processTicksAndRejections (node:internal/process/task_queues:96:5)\n    at Runner.run (/Users/krittamook/Desktop/guildfi-assignment/backend/transaction/node_modules/knex/lib/execution/runner.js:30:19)","timestamp":"2022-05-07 09:37:20"}
{"level":"error","message":"Connect Postgres failed! table.number is not a function","stack":"TypeError: table.number is not a function\n    at TableBuilder._fn (/Users/krittamook/Desktop/guildfi-assignment/backend/transaction/src/db/index.ts:43:13)\n    at TableBuilder.toSQL (/Users/krittamook/Desktop/guildfi-assignment/backend/transaction/node_modules/knex/lib/schema/tablebuilder.js:47:16)\n    at SchemaCompiler_PG.build (/Users/krittamook/Desktop/guildfi-assignment/backend/transaction/node_modules/knex/lib/schema/compiler.js:144:23)\n    at SchemaCompiler_PG.createTable (/Users/krittamook/Desktop/guildfi-assignment/backend/transaction/node_modules/knex/lib/schema/compiler.js:165:13)\n    at SchemaCompiler_PG.toSQL (/Users/krittamook/Desktop/guildfi-assignment/backend/transaction/node_modules/knex/lib/schema/compiler.js:97:26)\n    at SchemaBuilder.toSQL (/Users/krittamook/Desktop/guildfi-assignment/backend/transaction/node_modules/knex/lib/schema/builder.js:35:45)\n    at ensureConnectionCallback (/Users/krittamook/Desktop/guildfi-assignment/backend/transaction/node_modules/knex/lib/execution/internal/ensure-connection-callback.js:4:30)\n    at Runner.ensureConnection (/Users/krittamook/Desktop/guildfi-assignment/backend/transaction/node_modules/knex/lib/execution/runner.js:307:20)\n    at processTicksAndRejections (node:internal/process/task_queues:96:5)\n    at Runner.run (/Users/krittamook/Desktop/guildfi-assignment/backend/transaction/node_modules/knex/lib/execution/runner.js:30:19)","timestamp":"2022-05-07 09:37:20"}
{"level":"error","message":"select count(*) from \"transaction_record\" where \"userAuthId\" = $1 - relation \"transaction_record\" does not exist","timestamp":"2022-05-07 09:37:20"}
{"level":"warn","message":[{"message":"select count(*) from \"transaction_record\" where \"userAuthId\" = $1 - relation \"transaction_record\" does not exist"}],"timestamp":"2022-05-07 09:37:20"}
{"level":"error","message":"insert into \"user\" (\"authId\", \"walletAddress\") values ($1, $2) - duplicate key value violates unique constraint \"user_pkey\"","timestamp":"2022-05-07 11:02:14"}
{"level":"warn","message":[{"message":"insert into \"user\" (\"authId\", \"walletAddress\") values ($1, $2) - duplicate key value violates unique constraint \"user_pkey\""}],"timestamp":"2022-05-07 11:02:14"}
{"level":"error","message":"insert into \"user\" (\"authId\", \"walletAddress\") values ($1, $2) - duplicate key value violates unique constraint \"user_pkey\"","timestamp":"2022-05-07 11:02:16"}
{"level":"warn","message":[{"message":"insert into \"user\" (\"authId\", \"walletAddress\") values ($1, $2) - duplicate key value violates unique constraint \"user_pkey\""}],"timestamp":"2022-05-07 11:02:16"}
{"level":"warn","message":[{"message":"Users are not registered in the platform yet!"}],"timestamp":"2022-05-07 11:02:45"}
{"level":"warn","message":[{"message":"Users are not registered in the platform yet!"}],"timestamp":"2022-05-07 11:03:43"}
{"level":"warn","message":[{"message":"Users are not registered in the platform yet!"}],"timestamp":"2022-05-07 11:04:10"}
{"level":"warn","message":[{"message":"Users are not registered in the platform yet!"}],"timestamp":"2022-05-07 11:04:22"}
{"level":"warn","message":[{"message":"Users are not registered in the platform yet!"}],"timestamp":"2022-05-07 11:04:23"}
{"level":"warn","message":[{"message":"Users are not registered in the platform yet!"}],"timestamp":"2022-05-07 11:04:39"}
{"level":"warn","message":[{"message":"Users are not registered in the platform yet!"}],"timestamp":"2022-05-07 11:05:12"}
{"level":"warn","message":[{"message":"Users are not registered in the platform yet!"}],"timestamp":"2022-05-07 11:12:03"}
{"level":"warn","message":[{"message":"Users are not registered in the platform yet!"}],"timestamp":"2022-05-07 11:13:05"}
{"level":"info","message":"Event published to subject","timestamp":"2022-05-07 11:14:55"}
{"level":"warn","message":[{"message":"Users are not registered in the platform yet!"}],"timestamp":"2022-05-07 11:14:58"}
{"level":"info","message":"Event published to subject transaction:created","timestamp":"2022-05-07 11:16:20"}
{"level":"warn","message":[{"message":"Users are not registered in the platform yet!"}],"timestamp":"2022-05-07 11:16:22"}
{"level":"info","message":"Event published to subject transaction:created","timestamp":"2022-05-07 11:16:36"}
{"level":"warn","message":[{"message":"Users are not registered in the platform yet!"}],"timestamp":"2022-05-07 11:16:38"}
{"level":"info","message":"Event published to subject transaction:created","timestamp":"2022-05-07 11:16:58"}
{"level":"warn","message":[{"message":"Users are not registered in the platform yet!"}],"timestamp":"2022-05-07 11:17:00"}
{"level":"info","message":"Event published to subject transaction:created","timestamp":"2022-05-07 11:17:58"}
{"level":"warn","message":[{"message":"Users are not registered in the platform yet!"}],"timestamp":"2022-05-07 11:18:00"}
{"level":"info","message":"local","timestamp":"2022-05-07 11:22:09"}
{"level":"info","message":"Listening on port 8888!!!!!!!!","timestamp":"2022-05-07 11:22:09"}
{"level":"info","message":"Event published to subject transaction:created","timestamp":"2022-05-07 11:45:36"}
{"level":"info","message":"Event published to subject transaction:created","timestamp":"2022-05-07 11:45:41"}
{"level":"warn","message":[{"message":"Users are not registered in the platform yet!"}],"timestamp":"2022-05-07 11:45:44"}
